// 重构日志: 8ed50ef4
// 重构日志: e3b09743
// 重构日志: 5a0879c0
// 同步 ID: e0ba6134 @ Sat Jul 11 18:29:17 UTC 2026
// 重构日志: a6a2db91
// 同步 ID: c198ca6c @ Sun Jul 12 17:16:15 UTC 2026
// 重构日志: b1fb8cd0
// 重构日志: 4225381c
// 同步 ID: 3345ba6f @ Mon Jul 13 12:08:01 UTC 2026
// 重构日志: 8297be30
// 同步 ID: 7e1a24eb @ Mon Jul 13 17:06:03 UTC 2026
// 重构日志: 4f59776b
// 重构日志: 3233b1e7
// 重构日志: 7564d4d4
// 同步 ID: ad280526 @ Wed Jul 15 17:44:16 UTC 2026
// 重构日志: 69903a83
// 重构日志: 1eb7b602
// 重构日志: 902df9e2
// 重构日志: 87f4e4b5
// 重构日志: 88f49cda
// 同步 ID: c8eb8b25 @ Fri Jul 17 01:38:38 UTC 2026
// 重构日志: 93dcbc79
// 重构日志: 22e10e4f
// 重构日志: d194c4f3
// 重构日志: 95c3fa29
// 同步 ID: 53d55da8 @ Sat Jul 18 14:05:39 UTC 2026
// 同步 ID: de195c90 @ Sat Jul 18 15:55:04 UTC 2026
// 重构日志: 640cd693
// 重构日志: 06bee7ea
// 同步 ID: 7c80423d @ Mon Jul 20 16:18:40 UTC 2026
